Compiling the C compiler identification source file "CMakeCCompilerId.c" failed.
Compiler: /usr/bin/gcc 
Build flags: ;-m32
Id flags:  

The output was:
1
/usr/bin/ld: não foi possível localizar Scrt1.o: Arquivo ou diretório inexistente
/usr/bin/ld: não foi possível localizar crti.o: Arquivo ou diretório inexistente
/usr/bin/ld: pulando /usr/lib/gcc/x86_64-linux-gnu/7/libgcc.a incompatível ao pesquisar para -lgcc
/usr/bin/ld: não foi possível localizar -lgcc
/usr/bin/ld: pulando /usr/lib/gcc/x86_64-linux-gnu/7/libgcc.a incompatível ao pesquisar para -lgcc
/usr/bin/ld: não foi possível localizar -lgcc
collect2: error: ld returned 1 exit status


Compiling the CXX compiler identification source file "CMakeCXXCompilerId.cpp" failed.
Compiler: /usr/bin/g++ 
Build flags: ;-m32
Id flags:  

The output was:
1
/usr/bin/ld: não foi possível localizar Scrt1.o: Arquivo ou diretório inexistente
/usr/bin/ld: não foi possível localizar crti.o: Arquivo ou diretório inexistente
/usr/bin/ld: pulando /usr/lib/gcc/x86_64-linux-gnu/7/libstdc++.so incompatível ao pesquisar para -lstdc++
/usr/bin/ld: pulando /usr/lib/gcc/x86_64-linux-gnu/7/libstdc++.a incompatível ao pesquisar para -lstdc++
/usr/bin/ld: não foi possível localizar -lstdc++
/usr/bin/ld: pulando //usr/lib/x86_64-linux-gnu/libm.so incompatível ao pesquisar para -lm
/usr/bin/ld: pulando //usr/lib/x86_64-linux-gnu/libm.a incompatível ao pesquisar para -lm
/usr/bin/ld: não foi possível localizar -lm
/usr/bin/ld: pulando /usr/lib/gcc/x86_64-linux-gnu/7/libgcc.a incompatível ao pesquisar para -lgcc
/usr/bin/ld: não foi possível localizar -lgcc
collect2: error: ld returned 1 exit status


Determining if the C compiler works failed with the following output:
Change Dir: /home/emanoel/desenvolvimento/repositorio/puzzle-solve/pddl/fast-downward/builds/release32/CMakeFiles/CMakeTmp

Run Build Command:"/usr/bin/make" "cmTC_b7c5e/fast"
/usr/bin/make -f CMakeFiles/cmTC_b7c5e.dir/build.make CMakeFiles/cmTC_b7c5e.dir/build
make[1]: Entering directory '/home/emanoel/desenvolvimento/repositorio/puzzle-solve/pddl/fast-downward/builds/release32/CMakeFiles/CMakeTmp'
Building C object CMakeFiles/cmTC_b7c5e.dir/testCCompiler.c.o
/usr/bin/gcc   -m32    -o CMakeFiles/cmTC_b7c5e.dir/testCCompiler.c.o   -c /home/emanoel/desenvolvimento/repositorio/puzzle-solve/pddl/fast-downward/builds/release32/CMakeFiles/CMakeTmp/testCCompiler.c
Linking C executable cmTC_b7c5e
/usr/bin/cmake -E cmake_link_script CMakeFiles/cmTC_b7c5e.dir/link.txt --verbose=1
/usr/bin/gcc  -m32     -rdynamic CMakeFiles/cmTC_b7c5e.dir/testCCompiler.c.o  -o cmTC_b7c5e 
/usr/bin/ld: não foi possível localizar Scrt1.o: Arquivo ou diretório inexistente
/usr/bin/ld: não foi possível localizar crti.o: Arquivo ou diretório inexistente
/usr/bin/ld: pulando /usr/lib/gcc/x86_64-linux-gnu/7/libgcc.a incompatível ao pesquisar para -lgcc
/usr/bin/ld: não foi possível localizar -lgcc
/usr/bin/ld: pulando /usr/lib/gcc/x86_64-linux-gnu/7/libgcc.a incompatível ao pesquisar para -lgcc
/usr/bin/ld: não foi possível localizar -lgcc
collect2: error: ld returned 1 exit status
CMakeFiles/cmTC_b7c5e.dir/build.make:97: recipe for target 'cmTC_b7c5e' failed
make[1]: *** [cmTC_b7c5e] Error 1
make[1]: Leaving directory '/home/emanoel/desenvolvimento/repositorio/puzzle-solve/pddl/fast-downward/builds/release32/CMakeFiles/CMakeTmp'
Makefile:126: recipe for target 'cmTC_b7c5e/fast' failed
make: *** [cmTC_b7c5e/fast] Error 2


Compiling the C compiler identification source file "CMakeCCompilerId.c" failed.
Compiler: /usr/bin/gcc 
Build flags: ;-m32
Id flags:  

The output was:
1
/usr/bin/ld: não foi possível localizar Scrt1.o: Arquivo ou diretório inexistente
/usr/bin/ld: não foi possível localizar crti.o: Arquivo ou diretório inexistente
/usr/bin/ld: pulando /usr/lib/gcc/x86_64-linux-gnu/7/libgcc.a incompatível ao pesquisar para -lgcc
/usr/bin/ld: não foi possível localizar -lgcc
/usr/bin/ld: pulando /usr/lib/gcc/x86_64-linux-gnu/7/libgcc.a incompatível ao pesquisar para -lgcc
/usr/bin/ld: não foi possível localizar -lgcc
collect2: error: ld returned 1 exit status


Compiling the CXX compiler identification source file "CMakeCXXCompilerId.cpp" failed.
Compiler: /usr/bin/g++ 
Build flags: ;-m32
Id flags:  

The output was:
1
/usr/bin/ld: não foi possível localizar Scrt1.o: Arquivo ou diretório inexistente
/usr/bin/ld: não foi possível localizar crti.o: Arquivo ou diretório inexistente
/usr/bin/ld: pulando /usr/lib/gcc/x86_64-linux-gnu/7/libstdc++.so incompatível ao pesquisar para -lstdc++
/usr/bin/ld: pulando /usr/lib/gcc/x86_64-linux-gnu/7/libstdc++.a incompatível ao pesquisar para -lstdc++
/usr/bin/ld: não foi possível localizar -lstdc++
/usr/bin/ld: pulando //usr/lib/x86_64-linux-gnu/libm.so incompatível ao pesquisar para -lm
/usr/bin/ld: pulando //usr/lib/x86_64-linux-gnu/libm.a incompatível ao pesquisar para -lm
/usr/bin/ld: não foi possível localizar -lm
/usr/bin/ld: pulando /usr/lib/gcc/x86_64-linux-gnu/7/libgcc.a incompatível ao pesquisar para -lgcc
/usr/bin/ld: não foi possível localizar -lgcc
collect2: error: ld returned 1 exit status


Determining if the C compiler works failed with the following output:
Change Dir: /home/emanoel/desenvolvimento/repositorio/puzzle-solve/pddl/fast-downward/builds/release32/CMakeFiles/CMakeTmp

Run Build Command:"/usr/bin/make" "cmTC_bdf44/fast"
/usr/bin/make -f CMakeFiles/cmTC_bdf44.dir/build.make CMakeFiles/cmTC_bdf44.dir/build
make[1]: Entering directory '/home/emanoel/desenvolvimento/repositorio/puzzle-solve/pddl/fast-downward/builds/release32/CMakeFiles/CMakeTmp'
Building C object CMakeFiles/cmTC_bdf44.dir/testCCompiler.c.o
/usr/bin/gcc   -m32    -o CMakeFiles/cmTC_bdf44.dir/testCCompiler.c.o   -c /home/emanoel/desenvolvimento/repositorio/puzzle-solve/pddl/fast-downward/builds/release32/CMakeFiles/CMakeTmp/testCCompiler.c
Linking C executable cmTC_bdf44
/usr/bin/cmake -E cmake_link_script CMakeFiles/cmTC_bdf44.dir/link.txt --verbose=1
/usr/bin/gcc  -m32     -rdynamic CMakeFiles/cmTC_bdf44.dir/testCCompiler.c.o  -o cmTC_bdf44 
/usr/bin/ld: não foi possível localizar Scrt1.o: Arquivo ou diretório inexistente
/usr/bin/ld: não foi possível localizar crti.o: Arquivo ou diretório inexistente
/usr/bin/ld: pulando /usr/lib/gcc/x86_64-linux-gnu/7/libgcc.a incompatível ao pesquisar para -lgcc
/usr/bin/ld: não foi possível localizar -lgcc
/usr/bin/ld: pulando /usr/lib/gcc/x86_64-linux-gnu/7/libgcc.a incompatível ao pesquisar para -lgcc
/usr/bin/ld: não foi possível localizar -lgcc
collect2: error: ld returned 1 exit status
CMakeFiles/cmTC_bdf44.dir/build.make:97: recipe for target 'cmTC_bdf44' failed
make[1]: *** [cmTC_bdf44] Error 1
make[1]: Leaving directory '/home/emanoel/desenvolvimento/repositorio/puzzle-solve/pddl/fast-downward/builds/release32/CMakeFiles/CMakeTmp'
Makefile:126: recipe for target 'cmTC_bdf44/fast' failed
make: *** [cmTC_bdf44/fast] Error 2


